[0;31m[1m
Performing enhanced Kernighan-Lin (K&L) based bi-partitioning algorithm for hypergraphs:
[0mDesign name     : alu2
Cells#          : 213
Nets#           : 207
Crossing nets#  : 120
Gain function   : Enhanced K&L #1, alpha=2.0
Algorithm passes: m3

[1m- Performing pass# 1
[0m  Minimal crossing nets numbet for this pass: 50

[1m- Performing pass# 2
[0m  Minimal crossing nets numbet for this pass: 45

[1m- Performing pass# 3
[0m  Minimal crossing nets numbet for this pass: 40

[1m- Performing pass# 4
[0m  Minimal crossing nets numbet for this pass: 28

[1m- Performing pass# 5
[0m  Minimal crossing nets numbet for this pass: 28

[1m- Performing pass# 6
[0m  Minimal crossing nets numbet for this pass: 28

[0;31m* Convereged after 4 passes, with 28 crossing nets

[0m