[0;31m[1m
Performing enhanced Kernighan-Lin (K&L) based bi-partitioning algorithm for hypergraphs:
[0mDesign name     : alu2
Cells#          : 213
Nets#           : 207
Crossing nets#  : 120
Gain function   : Basic K&L
Algorithm passes: m3

[1m- Performing pass# 1
[0m  Minimal crossing nets numbet for this pass: 53

[1m- Performing pass# 2
[0m  Minimal crossing nets numbet for this pass: 42

[1m- Performing pass# 3
[0m  Minimal crossing nets numbet for this pass: 40

[1m- Performing pass# 4
[0m  Minimal crossing nets numbet for this pass: 39

[1m- Performing pass# 5
[0m  Minimal crossing nets numbet for this pass: 37

[1m- Performing pass# 6
[0m  Minimal crossing nets numbet for this pass: 37

[1m- Performing pass# 7
[0m  Minimal crossing nets numbet for this pass: 36

[1m- Performing pass# 8
[0m  Minimal crossing nets numbet for this pass: 36

[0;31m* Convereged after 6 passes, with 36 crossing nets

[0m