[0;31m[1m
Performing enhanced Kernighan-Lin (K&L) based bi-partitioning algorithm for hypergraphs:
[0mDesign name     : apex4
Cells#          : 1290
Nets#           : 1271
Crossing nets#  : 786
Gain function   : Enhanced K&L #2, alpha=3.0
Algorithm passes: m3

[1m- Performing pass# 1
[0m  Minimal crossing nets numbet for this pass: 287

[1m- Performing pass# 2
[0m  Minimal crossing nets numbet for this pass: 263

[1m- Performing pass# 3
[0m  Minimal crossing nets numbet for this pass: 218

[1m- Performing pass# 4
[0m  Minimal crossing nets numbet for this pass: 177

[1m- Performing pass# 5
[0m  Minimal crossing nets numbet for this pass: 171

[1m- Performing pass# 6
[0m  Minimal crossing nets numbet for this pass: 168

[1m- Performing pass# 7
[0m  Minimal crossing nets numbet for this pass: 168

[1m- Performing pass# 8
[0m  Minimal crossing nets numbet for this pass: 168

[0;31m* Convereged after 6 passes, with 168 crossing nets

[0m