[0;31m[1m
Performing enhanced Kernighan-Lin (K&L) based bi-partitioning algorithm for hypergraphs:
[0mDesign name     : apex1
Cells#          : 786
Nets#           : 741
Crossing nets#  : 499
Gain function   : Enhanced K&L #1, alpha=3.0
Algorithm passes: m3

[1m- Performing pass# 1
[0m  Minimal crossing nets numbet for this pass: 205

[1m- Performing pass# 2
[0m  Minimal crossing nets numbet for this pass: 184

[1m- Performing pass# 3
[0m  Minimal crossing nets numbet for this pass: 169

[1m- Performing pass# 4
[0m  Minimal crossing nets numbet for this pass: 168

[1m- Performing pass# 5
[0m  Minimal crossing nets numbet for this pass: 166

[1m- Performing pass# 6
[0m  Minimal crossing nets numbet for this pass: 166

[1m- Performing pass# 7
[0m  Minimal crossing nets numbet for this pass: 166

[0;31m* Convereged after 5 passes, with 166 crossing nets

[0m