[0;31m[1m
Performing enhanced Kernighan-Lin (K&L) based bi-partitioning algorithm for hypergraphs:
[0mDesign name     : apex4
Cells#          : 1290
Nets#           : 1271
Crossing nets#  : 786
Gain function   : Enhanced K&L #2, alpha=1.5
Algorithm passes: m3

[1m- Performing pass# 1
[0m  Minimal crossing nets numbet for this pass: 287

[1m- Performing pass# 2
[0m  Minimal crossing nets numbet for this pass: 255

[1m- Performing pass# 3
[0m  Minimal crossing nets numbet for this pass: 217

[1m- Performing pass# 4
[0m  Minimal crossing nets numbet for this pass: 195

[1m- Performing pass# 5
[0m  Minimal crossing nets numbet for this pass: 187

[1m- Performing pass# 6
[0m  Minimal crossing nets numbet for this pass: 186

[1m- Performing pass# 7
[0m  Minimal crossing nets numbet for this pass: 183

[1m- Performing pass# 8
[0m  Minimal crossing nets numbet for this pass: 181

[1m- Performing pass# 9
[0m  Minimal crossing nets numbet for this pass: 179

[1m- Performing pass# 10
[0m  Minimal crossing nets numbet for this pass: 179

[1m- Performing pass# 11
[0m  Minimal crossing nets numbet for this pass: 179

[0;31m* Convereged after 9 passes, with 179 crossing nets

[0m