[0;31m[1m
Performing enhanced Kernighan-Lin (K&L) based bi-partitioning algorithm for hypergraphs:
[0mDesign name     : apex4
Cells#          : 1290
Nets#           : 1271
Crossing nets#  : 786
Gain function   : Enhanced K&L #1, alpha=1.0
Algorithm passes: m3

[1m- Performing pass# 1
[0m  Minimal crossing nets numbet for this pass: 305

[1m- Performing pass# 2
[0m  Minimal crossing nets numbet for this pass: 278

[1m- Performing pass# 3
[0m  Minimal crossing nets numbet for this pass: 241

[1m- Performing pass# 4
[0m  Minimal crossing nets numbet for this pass: 232

[1m- Performing pass# 5
[0m  Minimal crossing nets numbet for this pass: 224

[1m- Performing pass# 6
[0m  Minimal crossing nets numbet for this pass: 221

[1m- Performing pass# 7
[0m  Minimal crossing nets numbet for this pass: 221

[1m- Performing pass# 8
[0m  Minimal crossing nets numbet for this pass: 221

[0;31m* Convereged after 6 passes, with 221 crossing nets

[0m