[0;31m[1m
Performing enhanced Kernighan-Lin (K&L) based bi-partitioning algorithm for hypergraphs:
[0mDesign name     : apex4
Cells#          : 1290
Nets#           : 1271
Crossing nets#  : 786
Gain function   : Enhanced K&L #1, alpha=0.4
Algorithm passes: m3

[1m- Performing pass# 1
[0m  Minimal crossing nets numbet for this pass: 304

[1m- Performing pass# 2
[0m  Minimal crossing nets numbet for this pass: 242

[1m- Performing pass# 3
[0m  Minimal crossing nets numbet for this pass: 197

[1m- Performing pass# 4
[0m  Minimal crossing nets numbet for this pass: 196

[1m- Performing pass# 5
[0m  Minimal crossing nets numbet for this pass: 196

[1m- Performing pass# 6
[0m  Minimal crossing nets numbet for this pass: 196

[0;31m* Convereged after 4 passes, with 196 crossing nets

[0m