[0;31m[1m
Performing enhanced Kernighan-Lin (K&L) based bi-partitioning algorithm for hypergraphs:
[0mDesign name     : apex4
Cells#          : 1290
Nets#           : 1271
Crossing nets#  : 786
Gain function   : Enhanced K&L #2, alpha=1.0
Algorithm passes: m3

[1m- Performing pass# 1
[0m  Minimal crossing nets numbet for this pass: 289

[1m- Performing pass# 2
[0m  Minimal crossing nets numbet for this pass: 246

[1m- Performing pass# 3
[0m  Minimal crossing nets numbet for this pass: 234

[1m- Performing pass# 4
[0m  Minimal crossing nets numbet for this pass: 227

[1m- Performing pass# 5
[0m  Minimal crossing nets numbet for this pass: 204

[1m- Performing pass# 6
[0m  Minimal crossing nets numbet for this pass: 204

[1m- Performing pass# 7
[0m  Minimal crossing nets numbet for this pass: 204

[0;31m* Convereged after 5 passes, with 204 crossing nets

[0m