[0;31m[1m
Performing enhanced Kernighan-Lin (K&L) based bi-partitioning algorithm for hypergraphs:
[0mDesign name     : apex1
Cells#          : 786
Nets#           : 741
Crossing nets#  : 499
Gain function   : Enhanced K&L #2, alpha=2.0
Algorithm passes: m3

[1m- Performing pass# 1
[0m  Minimal crossing nets numbet for this pass: 194

[1m- Performing pass# 2
[0m  Minimal crossing nets numbet for this pass: 162

[1m- Performing pass# 3
[0m  Minimal crossing nets numbet for this pass: 157

[1m- Performing pass# 4
[0m  Minimal crossing nets numbet for this pass: 155

[1m- Performing pass# 5
[0m  Minimal crossing nets numbet for this pass: 151

[1m- Performing pass# 6
[0m  Minimal crossing nets numbet for this pass: 149

[1m- Performing pass# 7
[0m  Minimal crossing nets numbet for this pass: 149

[1m- Performing pass# 8
[0m  Minimal crossing nets numbet for this pass: 149

[0;31m* Convereged after 6 passes, with 149 crossing nets

[0m