[0;31m[1m
Performing enhanced Kernighan-Lin (K&L) based bi-partitioning algorithm for hypergraphs:
[0mDesign name     : apex4
Cells#          : 1290
Nets#           : 1271
Crossing nets#  : 786
Gain function   : Enhanced K&L #2, alpha=2.0
Algorithm passes: m3

[1m- Performing pass# 1
[0m  Minimal crossing nets numbet for this pass: 286

[1m- Performing pass# 2
[0m  Minimal crossing nets numbet for this pass: 256

[1m- Performing pass# 3
[0m  Minimal crossing nets numbet for this pass: 222

[1m- Performing pass# 4
[0m  Minimal crossing nets numbet for this pass: 189

[1m- Performing pass# 5
[0m  Minimal crossing nets numbet for this pass: 184

[1m- Performing pass# 6
[0m  Minimal crossing nets numbet for this pass: 183

[1m- Performing pass# 7
[0m  Minimal crossing nets numbet for this pass: 172

[1m- Performing pass# 8
[0m  Minimal crossing nets numbet for this pass: 172

[1m- Performing pass# 9
[0m  Minimal crossing nets numbet for this pass: 172

[0;31m* Convereged after 7 passes, with 172 crossing nets

[0m