[0;31m[1m
Performing enhanced Kernighan-Lin (K&L) based bi-partitioning algorithm for hypergraphs:
[0mDesign name     : apex1
Cells#          : 786
Nets#           : 741
Crossing nets#  : 499
Gain function   : Enhanced K&L #1, alpha=2.5
Algorithm passes: m3

[1m- Performing pass# 1
[0m  Minimal crossing nets numbet for this pass: 205

[1m- Performing pass# 2
[0m  Minimal crossing nets numbet for this pass: 178

[1m- Performing pass# 3
[0m  Minimal crossing nets numbet for this pass: 174

[1m- Performing pass# 4
[0m  Minimal crossing nets numbet for this pass: 172

[1m- Performing pass# 5
[0m  Minimal crossing nets numbet for this pass: 172

[1m- Performing pass# 6
[0m  Minimal crossing nets numbet for this pass: 172

[0;31m* Convereged after 4 passes, with 172 crossing nets

[0m