[0;31m[1m
Performing enhanced Kernighan-Lin (K&L) based bi-partitioning algorithm for hypergraphs:
[0mDesign name     : apex1
Cells#          : 786
Nets#           : 741
Crossing nets#  : 499
Gain function   : Enhanced K&L #1, alpha=0.8
Algorithm passes: m3

[1m- Performing pass# 1
[0m  Minimal crossing nets numbet for this pass: 205

[1m- Performing pass# 2
[0m  Minimal crossing nets numbet for this pass: 166

[1m- Performing pass# 3
[0m  Minimal crossing nets numbet for this pass: 163

[1m- Performing pass# 4
[0m  Minimal crossing nets numbet for this pass: 163

[1m- Performing pass# 5
[0m  Minimal crossing nets numbet for this pass: 163

[0;31m* Convereged after 3 passes, with 163 crossing nets

[0m