[0;31m[1m
Performing enhanced Kernighan-Lin (K&L) based bi-partitioning algorithm for hypergraphs:
[0mDesign name     : apex1
Cells#          : 786
Nets#           : 741
Crossing nets#  : 499
Gain function   : Enhanced K&L #1, alpha=0.2
Algorithm passes: m3

[1m- Performing pass# 1
[0m  Minimal crossing nets numbet for this pass: 201

[1m- Performing pass# 2
[0m  Minimal crossing nets numbet for this pass: 175

[1m- Performing pass# 3
[0m  Minimal crossing nets numbet for this pass: 165

[1m- Performing pass# 4
[0m  Minimal crossing nets numbet for this pass: 152

[1m- Performing pass# 5
[0m  Minimal crossing nets numbet for this pass: 126

[1m- Performing pass# 6
[0m  Minimal crossing nets numbet for this pass: 125

[1m- Performing pass# 7
[0m  Minimal crossing nets numbet for this pass: 118

[1m- Performing pass# 8
[0m  Minimal crossing nets numbet for this pass: 117

[1m- Performing pass# 9
[0m  Minimal crossing nets numbet for this pass: 117

[1m- Performing pass# 10
[0m  Minimal crossing nets numbet for this pass: 117

[0;31m* Convereged after 8 passes, with 117 crossing nets

[0m