[0;31m[1m
Performing enhanced Kernighan-Lin (K&L) based bi-partitioning algorithm for hypergraphs:
[0mDesign name     : apex4
Cells#          : 1290
Nets#           : 1271
Crossing nets#  : 786
Gain function   : Enhanced K&L #2, alpha=2.5
Algorithm passes: m3

[1m- Performing pass# 1
[0m  Minimal crossing nets numbet for this pass: 286

[1m- Performing pass# 2
[0m  Minimal crossing nets numbet for this pass: 254

[1m- Performing pass# 3
[0m  Minimal crossing nets numbet for this pass: 216

[1m- Performing pass# 4
[0m  Minimal crossing nets numbet for this pass: 193

[1m- Performing pass# 5
[0m  Minimal crossing nets numbet for this pass: 188

[1m- Performing pass# 6
[0m  Minimal crossing nets numbet for this pass: 187

[1m- Performing pass# 7
[0m  Minimal crossing nets numbet for this pass: 186

[1m- Performing pass# 8
[0m  Minimal crossing nets numbet for this pass: 186

[1m- Performing pass# 9
[0m  Minimal crossing nets numbet for this pass: 186

[0;31m* Convereged after 7 passes, with 186 crossing nets

[0m