[0;31m[1m
Performing enhanced Kernighan-Lin (K&L) based bi-partitioning algorithm for hypergraphs:
[0mDesign name     : apex1
Cells#          : 786
Nets#           : 741
Crossing nets#  : 499
Gain function   : Enhanced K&L #2, alpha=2.5
Algorithm passes: m3

[1m- Performing pass# 1
[0m  Minimal crossing nets numbet for this pass: 193

[1m- Performing pass# 2
[0m  Minimal crossing nets numbet for this pass: 166

[1m- Performing pass# 3
[0m  Minimal crossing nets numbet for this pass: 157

[1m- Performing pass# 4
[0m  Minimal crossing nets numbet for this pass: 156

[1m- Performing pass# 5
[0m  Minimal crossing nets numbet for this pass: 154

[1m- Performing pass# 6
[0m  Minimal crossing nets numbet for this pass: 144

[1m- Performing pass# 7
[0m  Minimal crossing nets numbet for this pass: 137

[1m- Performing pass# 8
[0m  Minimal crossing nets numbet for this pass: 137

[1m- Performing pass# 9
[0m  Minimal crossing nets numbet for this pass: 137

[0;31m* Convereged after 7 passes, with 137 crossing nets

[0m