[0;31m[1m
Performing enhanced Kernighan-Lin (K&L) based bi-partitioning algorithm for hypergraphs:
[0mDesign name     : apex4
Cells#          : 1290
Nets#           : 1271
Crossing nets#  : 786
Gain function   : Enhanced K&L #1, alpha=0.8
Algorithm passes: m3

[1m- Performing pass# 1
[0m  Minimal crossing nets numbet for this pass: 303

[1m- Performing pass# 2
[0m  Minimal crossing nets numbet for this pass: 272

[1m- Performing pass# 3
[0m  Minimal crossing nets numbet for this pass: 230

[1m- Performing pass# 4
[0m  Minimal crossing nets numbet for this pass: 227

[1m- Performing pass# 5
[0m  Minimal crossing nets numbet for this pass: 226

[1m- Performing pass# 6
[0m  Minimal crossing nets numbet for this pass: 225

[1m- Performing pass# 7
[0m  Minimal crossing nets numbet for this pass: 224

[1m- Performing pass# 8
[0m  Minimal crossing nets numbet for this pass: 224

[1m- Performing pass# 9
[0m  Minimal crossing nets numbet for this pass: 224

[0;31m* Convereged after 7 passes, with 224 crossing nets

[0m