[0;31m[1m
Performing enhanced Kernighan-Lin (K&L) based bi-partitioning algorithm for hypergraphs:
[0mDesign name     : C880
Cells#          : 260
Nets#           : 234
Crossing nets#  : 163
Gain function   : Enhanced K&L #2, alpha=2.5
Algorithm passes: m3

[1m- Performing pass# 1
[0m  Minimal crossing nets numbet for this pass: 63

[1m- Performing pass# 2
[0m  Minimal crossing nets numbet for this pass: 53

[1m- Performing pass# 3
[0m  Minimal crossing nets numbet for this pass: 52

[1m- Performing pass# 4
[0m  Minimal crossing nets numbet for this pass: 52

[1m- Performing pass# 5
[0m  Minimal crossing nets numbet for this pass: 52

[0;31m* Convereged after 3 passes, with 52 crossing nets

[0m