[0;31m[1m
Performing enhanced Kernighan-Lin (K&L) based bi-partitioning algorithm for hypergraphs:
[0mDesign name     : C880
Cells#          : 260
Nets#           : 234
Crossing nets#  : 163
Gain function   : Enhanced K&L #2, alpha=3.0
Algorithm passes: m3

[1m- Performing pass# 1
[0m  Minimal crossing nets numbet for this pass: 63

[1m- Performing pass# 2
[0m  Minimal crossing nets numbet for this pass: 53

[1m- Performing pass# 3
[0m  Minimal crossing nets numbet for this pass: 52

[1m- Performing pass# 4
[0m  Minimal crossing nets numbet for this pass: 38

[1m- Performing pass# 5
[0m  Minimal crossing nets numbet for this pass: 34

[1m- Performing pass# 6
[0m  Minimal crossing nets numbet for this pass: 33

[1m- Performing pass# 7
[0m  Minimal crossing nets numbet for this pass: 33

[1m- Performing pass# 8
[0m  Minimal crossing nets numbet for this pass: 33

[0;31m* Convereged after 6 passes, with 33 crossing nets

[0m