[0;31m[1m
Performing enhanced Kernighan-Lin (K&L) based bi-partitioning algorithm for hypergraphs:
[0mDesign name     : C880
Cells#          : 260
Nets#           : 234
Crossing nets#  : 163
Gain function   : Basic K&L
Algorithm passes: m3

[1m- Performing pass# 1
[0m  Minimal crossing nets numbet for this pass: 58

[1m- Performing pass# 2
[0m  Minimal crossing nets numbet for this pass: 53

[1m- Performing pass# 3
[0m  Minimal crossing nets numbet for this pass: 51

[1m- Performing pass# 4
[0m  Minimal crossing nets numbet for this pass: 51

[1m- Performing pass# 5
[0m  Minimal crossing nets numbet for this pass: 51

[0;31m* Convereged after 3 passes, with 51 crossing nets

[0m