[0;31m[1m
Performing enhanced Kernighan-Lin (K&L) based bi-partitioning algorithm for hypergraphs:
[0mDesign name     : cm162a
Cells#          : 37
Nets#           : 32
Crossing nets#  : 19
Gain function   : Enhanced K&L #1, alpha=0.8
Algorithm passes: m3

[1m- Performing pass# 1
[0m  Minimal crossing nets numbet for this pass: 10

[1m- Performing pass# 2
[0m  Minimal crossing nets numbet for this pass: 9

[1m- Performing pass# 3
[0m  Minimal crossing nets numbet for this pass: 9

[1m- Performing pass# 4
[0m  Minimal crossing nets numbet for this pass: 8

[1m- Performing pass# 5
[0m  Minimal crossing nets numbet for this pass: 8

[0;31m* Convereged after 3 passes, with 8 crossing nets

[0m