[0;31m[1m
Performing enhanced Kernighan-Lin (K&L) based bi-partitioning algorithm for hypergraphs:
[0mDesign name     : cps
Cells#          : 882
Nets#           : 773
Crossing nets#  : 484
Gain function   : Enhanced K&L #1, alpha=0.2
Algorithm passes: m3

[1m- Performing pass# 1
[0m  Minimal crossing nets numbet for this pass: 164

[1m- Performing pass# 2
[0m  Minimal crossing nets numbet for this pass: 146

[1m- Performing pass# 3
[0m  Minimal crossing nets numbet for this pass: 143

[1m- Performing pass# 4
[0m  Minimal crossing nets numbet for this pass: 137

[1m- Performing pass# 5
[0m  Minimal crossing nets numbet for this pass: 132

[1m- Performing pass# 6
[0m  Minimal crossing nets numbet for this pass: 132

[1m- Performing pass# 7
[0m  Minimal crossing nets numbet for this pass: 132

[0;31m* Convereged after 5 passes, with 132 crossing nets

[0m