[0;31m[1m
Performing enhanced Kernighan-Lin (K&L) based bi-partitioning algorithm for hypergraphs:
[0mDesign name     : e64
Cells#          : 403
Nets#           : 338
Crossing nets#  : 229
Gain function   : Enhanced K&L #1, alpha=0.6
Algorithm passes: m3

[1m- Performing pass# 1
[0m  Minimal crossing nets numbet for this pass: 91

[1m- Performing pass# 2
[0m  Minimal crossing nets numbet for this pass: 67

[1m- Performing pass# 3
[0m  Minimal crossing nets numbet for this pass: 64

[1m- Performing pass# 4
[0m  Minimal crossing nets numbet for this pass: 63

[1m- Performing pass# 5
[0m  Minimal crossing nets numbet for this pass: 63

[1m- Performing pass# 6
[0m  Minimal crossing nets numbet for this pass: 63

[0;31m* Convereged after 4 passes, with 63 crossing nets

[0m