[0;31m[1m
Performing enhanced Kernighan-Lin (K&L) based bi-partitioning algorithm for hypergraphs:
[0mDesign name     : e64
Cells#          : 403
Nets#           : 338
Crossing nets#  : 229
Gain function   : Basic K&L
Algorithm passes: m3

[1m- Performing pass# 1
[0m  Minimal crossing nets numbet for this pass: 87

[1m- Performing pass# 2
[0m  Minimal crossing nets numbet for this pass: 78

[1m- Performing pass# 3
[0m  Minimal crossing nets numbet for this pass: 74

[1m- Performing pass# 4
[0m  Minimal crossing nets numbet for this pass: 68

[1m- Performing pass# 5
[0m  Minimal crossing nets numbet for this pass: 67

[1m- Performing pass# 6
[0m  Minimal crossing nets numbet for this pass: 66

[1m- Performing pass# 7
[0m  Minimal crossing nets numbet for this pass: 63

[1m- Performing pass# 8
[0m  Minimal crossing nets numbet for this pass: 63

[1m- Performing pass# 9
[0m  Minimal crossing nets numbet for this pass: 62

[1m- Performing pass# 10
[0m  Minimal crossing nets numbet for this pass: 62

[0;31m* Convereged after 8 passes, with 62 crossing nets

[0m