[0;31m[1m
Performing enhanced Kernighan-Lin (K&L) based bi-partitioning algorithm for hypergraphs:
[0mDesign name     : pairb
Cells#          : 951
Nets#           : 814
Crossing nets#  : 515
Gain function   : Enhanced K&L #2, alpha=2.0
Algorithm passes: m3

[1m- Performing pass# 1
[0m  Minimal crossing nets numbet for this pass: 193

[1m- Performing pass# 2
[0m  Minimal crossing nets numbet for this pass: 71

[1m- Performing pass# 3
[0m  Minimal crossing nets numbet for this pass: 20

[1m- Performing pass# 4
[0m  Minimal crossing nets numbet for this pass: 19

[1m- Performing pass# 5
[0m  Minimal crossing nets numbet for this pass: 18

[1m- Performing pass# 6
[0m  Minimal crossing nets numbet for this pass: 18

[1m- Performing pass# 7
[0m  Minimal crossing nets numbet for this pass: 18

[0;31m* Convereged after 5 passes, with 18 crossing nets

[0m