[0;31m[1m
Performing enhanced Kernighan-Lin (K&L) based bi-partitioning algorithm for hypergraphs:
[0mDesign name     : pairb
Cells#          : 951
Nets#           : 814
Crossing nets#  : 515
Gain function   : Enhanced K&L #2, alpha=0.0
Algorithm passes: m3

[1m- Performing pass# 1
[0m  Minimal crossing nets numbet for this pass: 184

[1m- Performing pass# 2
[0m  Minimal crossing nets numbet for this pass: 76

[1m- Performing pass# 3
[0m  Minimal crossing nets numbet for this pass: 13

[1m- Performing pass# 4
[0m  Minimal crossing nets numbet for this pass: 13

[1m- Performing pass# 5
[0m  Minimal crossing nets numbet for this pass: 13

[0;31m* Convereged after 3 passes, with 13 crossing nets

[0m