[0;31m[1m
Performing enhanced Kernighan-Lin (K&L) based bi-partitioning algorithm for hypergraphs:
[0mDesign name     : paira
Cells#          : 951
Nets#           : 814
Crossing nets#  : 515
Gain function   : Enhanced K&L #1, alpha=2.5
Algorithm passes: m3

[1m- Performing pass# 1
[0m  Minimal crossing nets numbet for this pass: 184

[1m- Performing pass# 2
[0m  Minimal crossing nets numbet for this pass: 107

[1m- Performing pass# 3
[0m  Minimal crossing nets numbet for this pass: 36

[1m- Performing pass# 4
[0m  Minimal crossing nets numbet for this pass: 17

[1m- Performing pass# 5
[0m  Minimal crossing nets numbet for this pass: 13

[1m- Performing pass# 6
[0m  Minimal crossing nets numbet for this pass: 13

[1m- Performing pass# 7
[0m  Minimal crossing nets numbet for this pass: 13

[0;31m* Convereged after 5 passes, with 13 crossing nets

[0m