[0;31m[1m
Performing enhanced Kernighan-Lin (K&L) based bi-partitioning algorithm for hypergraphs:
[0mDesign name     : paira
Cells#          : 951
Nets#           : 814
Crossing nets#  : 515
Gain function   : Enhanced K&L #2, alpha=2.5
Algorithm passes: m3

[1m- Performing pass# 1
[0m  Minimal crossing nets numbet for this pass: 186

[1m- Performing pass# 2
[0m  Minimal crossing nets numbet for this pass: 82

[1m- Performing pass# 3
[0m  Minimal crossing nets numbet for this pass: 33

[1m- Performing pass# 4
[0m  Minimal crossing nets numbet for this pass: 28

[1m- Performing pass# 5
[0m  Minimal crossing nets numbet for this pass: 20

[1m- Performing pass# 6
[0m  Minimal crossing nets numbet for this pass: 14

[1m- Performing pass# 7
[0m  Minimal crossing nets numbet for this pass: 13

[1m- Performing pass# 8
[0m  Minimal crossing nets numbet for this pass: 12

[1m- Performing pass# 9
[0m  Minimal crossing nets numbet for this pass: 10

[1m- Performing pass# 10
[0m  Minimal crossing nets numbet for this pass: 8

[1m- Performing pass# 11
[0m  Minimal crossing nets numbet for this pass: 8

[1m- Performing pass# 12
[0m  Minimal crossing nets numbet for this pass: 7

[1m- Performing pass# 13
[0m  Minimal crossing nets numbet for this pass: 5

[1m- Performing pass# 14
[0m  Minimal crossing nets numbet for this pass: 5

[0;31m* Convereged after 12 passes, with 5 crossing nets

[0m