[0;31m[1m
Performing enhanced Kernighan-Lin (K&L) based bi-partitioning algorithm for hypergraphs:
[0mDesign name     : pairb
Cells#          : 951
Nets#           : 814
Crossing nets#  : 515
Gain function   : Enhanced K&L #1, alpha=1.5
Algorithm passes: m3

[1m- Performing pass# 1
[0m  Minimal crossing nets numbet for this pass: 189

[1m- Performing pass# 2
[0m  Minimal crossing nets numbet for this pass: 102

[1m- Performing pass# 3
[0m  Minimal crossing nets numbet for this pass: 20

[1m- Performing pass# 4
[0m  Minimal crossing nets numbet for this pass: 16

[1m- Performing pass# 5
[0m  Minimal crossing nets numbet for this pass: 14

[1m- Performing pass# 6
[0m  Minimal crossing nets numbet for this pass: 14

[1m- Performing pass# 7
[0m  Minimal crossing nets numbet for this pass: 14

[0;31m* Convereged after 5 passes, with 14 crossing nets

[0m