[0;31m[1m
Performing enhanced Kernighan-Lin (K&L) based bi-partitioning algorithm for hypergraphs:
[0mDesign name     : paira
Cells#          : 951
Nets#           : 814
Crossing nets#  : 515
Gain function   : Enhanced K&L #2, alpha=1.5
Algorithm passes: m3

[1m- Performing pass# 1
[0m  Minimal crossing nets numbet for this pass: 197

[1m- Performing pass# 2
[0m  Minimal crossing nets numbet for this pass: 79

[1m- Performing pass# 3
[0m  Minimal crossing nets numbet for this pass: 33

[1m- Performing pass# 4
[0m  Minimal crossing nets numbet for this pass: 33

[1m- Performing pass# 5
[0m  Minimal crossing nets numbet for this pass: 32

[1m- Performing pass# 6
[0m  Minimal crossing nets numbet for this pass: 32

[0;31m* Convereged after 4 passes, with 32 crossing nets

[0m