[0;31m[1m
Performing enhanced Kernighan-Lin (K&L) based bi-partitioning algorithm for hypergraphs:
[0mDesign name     : pairb
Cells#          : 951
Nets#           : 814
Crossing nets#  : 515
Gain function   : Enhanced K&L #2, alpha=3.0
Algorithm passes: m3

[1m- Performing pass# 1
[0m  Minimal crossing nets numbet for this pass: 186

[1m- Performing pass# 2
[0m  Minimal crossing nets numbet for this pass: 82

[1m- Performing pass# 3
[0m  Minimal crossing nets numbet for this pass: 33

[1m- Performing pass# 4
[0m  Minimal crossing nets numbet for this pass: 29

[1m- Performing pass# 5
[0m  Minimal crossing nets numbet for this pass: 27

[1m- Performing pass# 6
[0m  Minimal crossing nets numbet for this pass: 27

[1m- Performing pass# 7
[0m  Minimal crossing nets numbet for this pass: 27

[0;31m* Convereged after 5 passes, with 27 crossing nets

[0m